[debug] [2021-07-16T21:50:07.213Z] ----------------------------------------------------------------------
[debug] [2021-07-16T21:50:07.216Z] Command:       D:\nodejs\node.exe C:\Users\Jason\AppData\Roaming\npm\node_modules\firebase-tools\lib\bin\firebase.js init
[debug] [2021-07-16T21:50:07.217Z] CLI Version:   9.16.0
[debug] [2021-07-16T21:50:07.217Z] Platform:      win32
[debug] [2021-07-16T21:50:07.217Z] Node Version:  v16.3.0
[debug] [2021-07-16T21:50:07.219Z] Time:          Fri Jul 16 2021 17:50:07 GMT-0400 (Eastern Daylight Time)
[debug] [2021-07-16T21:50:07.219Z] ----------------------------------------------------------------------
[debug] 
[debug] [2021-07-16T21:50:07.234Z] > command requires scopes: ["email","openid","https://www.googleapis.com/auth/cloudplatformprojects.readonly","https://www.googleapis.com/auth/firebase","https://www.googleapis.com/auth/cloud-platform"]
[debug] [2021-07-16T21:50:07.236Z] > authorizing via signed-in user (vanquocjason@gmail.com)
[info] 
     ######## #### ########  ######## ########     ###     ######  ########
     ##        ##  ##     ## ##       ##     ##  ##   ##  ##       ##
     ######    ##  ########  ######   ########  #########  ######  ######
     ##        ##  ##    ##  ##       ##     ## ##     ##       ## ##
     ##       #### ##     ## ######## ########  ##     ##  ######  ########

You're about to initialize a Firebase project in this directory:

  C:\Users\Jason\Desktop\Netflix-React

[info] 
=== Project Setup
[info] 
[info] First, let's associate this project directory with a Firebase project.
[info] You can create multiple project aliases by running firebase use --add, 
[info] but for now we'll just set up a default project.
[info] 
[info] 
=== Database Setup
[info] 
[info] Firebase Realtime Database Security Rules allow you to define how your data should be
[info] structured and when your data can be read from and written to.
[info] 
